# JRE version: OpenJDK Runtime Environment (8.0_242-b01) (build 1.8.0_242-release-1644-b01)
# Java VM: OpenJDK 64-Bit Server VM (25.242-b01 mixed mode windows-amd64 compressed oops)
Heap:
 PSYoungGen      total 163840K, used 58403K [0x00000000f5580000, 0x00000000fff00000, 0x0000000100000000)
  eden space 154624K, 36% used [0x00000000f5580000,0x00000000f8ca0f08,0x00000000fec80000)
  from space 9216K, 21% used [0x00000000fec80000,0x00000000fee68010,0x00000000ff580000)
  to   space 8704K, 0% used [0x00000000ff680000,0x00000000ff680000,0x00000000fff00000)
 ParOldGen       total 349696K, used 268144K [0x00000000e0000000, 0x00000000f5580000, 0x00000000f5580000)
  object space 349696K, 76% used [0x00000000e0000000,0x00000000f05dc088,0x00000000f5580000)
 Metaspace       used 115962K, capacity 121918K, committed 123904K, reserved 1157120K
  class space    used 14933K, capacity 16095K, committed 16640K, reserved 1048576K
GC Heap History (10 events):
Event: 61.670 GC heap before
{Heap before GC invocations=134 (full 5):
 PSYoungGen      total 161792K, used 152416K [0x00000000f5580000, 0x00000000ffe80000, 0x0000000100000000)
  eden space 150528K, 100% used [0x00000000f5580000,0x00000000fe880000,0x00000000fe880000)
  from space 11264K, 16% used [0x00000000ff380000,0x00000000ff558000,0x00000000ffe80000)
  to   space 11264K, 0% used [0x00000000fe880000,0x00000000fe880000,0x00000000ff380000)
 ParOldGen       total 349696K, used 262183K [0x00000000e0000000, 0x00000000f5580000, 0x00000000f5580000)
  object space 349696K, 74% used [0x00000000e0000000,0x00000000f0009d20,0x00000000f5580000)
 Metaspace       used 115955K, capacity 121912K, committed 123904K, reserved 1157120K
  class space    used 14933K, capacity 16094K, committed 16640K, reserved 1048576K
Event: 61.679 GC heap after
Heap after GC invocations=134 (full 5):
 PSYoungGen      total 161792K, used 2848K [0x00000000f5580000, 0x00000000fff00000, 0x0000000100000000)
  eden space 150528K, 0% used [0x00000000f5580000,0x00000000f5580000,0x00000000fe880000)
  from space 11264K, 25% used [0x00000000fe880000,0x00000000feb48000,0x00000000ff380000)
  to   space 10752K, 0% used [0x00000000ff480000,0x00000000ff480000,0x00000000fff00000)
 ParOldGen       total 349696K, used 263855K [0x00000000e0000000, 0x00000000f5580000, 0x00000000f5580000)
  object space 349696K, 75% used [0x00000000e0000000,0x00000000f01abd20,0x00000000f5580000)
 Metaspace       used 115955K, capacity 121912K, committed 123904K, reserved 1157120K
  class space    used 14933K, capacity 16094K, committed 16640K, reserved 1048576K
}
Event: 62.206 GC heap before
{Heap before GC invocations=135 (full 5):
 PSYoungGen      total 161792K, used 153376K [0x00000000f5580000, 0x00000000fff00000, 0x0000000100000000)
  eden space 150528K, 100% used [0x00000000f5580000,0x00000000fe880000,0x00000000fe880000)
  from space 11264K, 25% used [0x00000000fe880000,0x00000000feb48000,0x00000000ff380000)
  to   space 10752K, 0% used [0x00000000ff480000,0x00000000ff480000,0x00000000fff00000)
 ParOldGen       total 349696K, used 263855K [0x00000000e0000000, 0x00000000f5580000, 0x00000000f5580000)
  object space 349696K, 75% used [0x00000000e0000000,0x00000000f01abd20,0x00000000f5580000)
 Metaspace       used 115956K, capacity 121912K, committed 123904K, reserved 1157120K
  class space    used 14933K, capacity 16094K, committed 16640K, reserved 1048576K
Event: 62.215 GC heap after
Heap after GC invocations=135 (full 5):
 PSYoungGen      total 162816K, used 1728K [0x00000000f5580000, 0x00000000ffe80000, 0x0000000100000000)
  eden space 152576K, 0% used [0x00000000f5580000,0x00000000f5580000,0x00000000fea80000)
  from space 10240K, 16% used [0x00000000ff480000,0x00000000ff630000,0x00000000ffe80000)
  to   space 10240K, 0% used [0x00000000fea80000,0x00000000fea80000,0x00000000ff480000)
 ParOldGen       total 349696K, used 265159K [0x00000000e0000000, 0x00000000f5580000, 0x00000000f5580000)
  object space 349696K, 75% used [0x00000000e0000000,0x00000000f02f1d20,0x00000000f5580000)
 Metaspace       used 115956K, capacity 121912K, committed 123904K, reserved 1157120K
  class space    used 14933K, capacity 16094K, committed 16640K, reserved 1048576K
}
Event: 62.802 GC heap before
{Heap before GC invocations=136 (full 5):
 PSYoungGen      total 162816K, used 154304K [0x00000000f5580000, 0x00000000ffe80000, 0x0000000100000000)
  eden space 152576K, 100% used [0x00000000f5580000,0x00000000fea80000,0x00000000fea80000)
  from space 10240K, 16% used [0x00000000ff480000,0x00000000ff630000,0x00000000ffe80000)
  to   space 10240K, 0% used [0x00000000fea80000,0x00000000fea80000,0x00000000ff480000)
 ParOldGen       total 349696K, used 265159K [0x00000000e0000000, 0x00000000f5580000, 0x00000000f5580000)
  object space 349696K, 75% used [0x00000000e0000000,0x00000000f02f1d20,0x00000000f5580000)
 Metaspace       used 115960K, capacity 121918K, committed 123904K, reserved 1157120K
  class space    used 14933K, capacity 16095K, committed 16640K, reserved 1048576K
Event: 62.814 GC heap after
Heap after GC invocations=136 (full 5):
 PSYoungGen      total 162816K, used 1664K [0x00000000f5580000, 0x00000000fff00000, 0x0000000100000000)
  eden space 152576K, 0% used [0x00000000f5580000,0x00000000f5580000,0x00000000fea80000)
  from space 10240K, 16% used [0x00000000fea80000,0x00000000fec20000,0x00000000ff480000)
  to   space 9728K, 0% used [0x00000000ff580000,0x00000000ff580000,0x00000000fff00000)
 ParOldGen       total 349696K, used 266687K [0x00000000e0000000, 0x00000000f5580000, 0x00000000f5580000)
  object space 349696K, 76% used [0x00000000e0000000,0x00000000f046fd20,0x00000000f5580000)
 Metaspace       used 115960K, capacity 121918K, committed 123904K, reserved 1157120K
  class space    used 14933K, capacity 16095K, committed 16640K, reserved 1048576K
}
Event: 63.296 GC heap before
{Heap before GC invocations=137 (full 5):
 PSYoungGen      total 162816K, used 154240K [0x00000000f5580000, 0x00000000fff00000, 0x0000000100000000)
  eden space 152576K, 100% used [0x00000000f5580000,0x00000000fea80000,0x00000000fea80000)
  from space 10240K, 16% used [0x00000000fea80000,0x00000000fec20000,0x00000000ff480000)
  to   space 9728K, 0% used [0x00000000ff580000,0x00000000ff580000,0x00000000fff00000)
 ParOldGen       total 349696K, used 266687K [0x00000000e0000000, 0x00000000f5580000, 0x00000000f5580000)
  object space 349696K, 76% used [0x00000000e0000000,0x00000000f046fd20,0x00000000f5580000)
 Metaspace       used 115961K, capacity 121918K, committed 123904K, reserved 1157120K
  class space    used 14933K, capacity 16095K, committed 16640K, reserved 1048576K
Event: 63.303 GC heap after
Heap after GC invocations=137 (full 5):
 PSYoungGen      total 163840K, used 1920K [0x00000000f5580000, 0x00000000ffe80000, 0x0000000100000000)
  eden space 154624K, 0% used [0x00000000f5580000,0x00000000f5580000,0x00000000fec80000)
  from space 9216K, 20% used [0x00000000ff580000,0x00000000ff760000,0x00000000ffe80000)
  to   space 9216K, 0% used [0x00000000fec80000,0x00000000fec80000,0x00000000ff580000)
 ParOldGen       total 349696K, used 268144K [0x00000000e0000000, 0x00000000f5580000, 0x00000000f5580000)
  object space 349696K, 76% used [0x00000000e0000000,0x00000000f05dc088,0x00000000f5580000)
 Metaspace       used 115961K, capacity 121918K, committed 123904K, reserved 1157120K
  class space    used 14933K, capacity 16095K, committed 16640K, reserved 1048576K
}
Event: 63.720 GC heap before
{Heap before GC invocations=138 (full 5):
 PSYoungGen      total 163840K, used 156544K [0x00000000f5580000, 0x00000000ffe80000, 0x0000000100000000)
  eden space 154624K, 100% used [0x00000000f5580000,0x00000000fec80000,0x00000000fec80000)
  from space 9216K, 20% used [0x00000000ff580000,0x00000000ff760000,0x00000000ffe80000)
  to   space 9216K, 0% used [0x00000000fec80000,0x00000000fec80000,0x00000000ff580000)
 ParOldGen       total 349696K, used 268144K [0x00000000e0000000, 0x00000000f5580000, 0x00000000f5580000)
  object space 349696K, 76% used [0x00000000e0000000,0x00000000f05dc088,0x00000000f5580000)
 Metaspace       used 115962K, capacity 121918K, committed 123904K, reserved 1157120K
  class space    used 14933K, capacity 16095K, committed 16640K, reserved 1048576K
Event: 63.727 GC heap after
Heap after GC invocations=138 (full 5):
 PSYoungGen      total 163840K, used 1952K [0x00000000f5580000, 0x00000000fff00000, 0x0000000100000000)
  eden space 154624K, 0% used [0x00000000f5580000,0x00000000f5580000,0x00000000fec80000)
  from space 9216K, 21% used [0x00000000fec80000,0x00000000fee68010,0x00000000ff580000)
  to   space 8704K, 0% used [0x00000000ff680000,0x00000000ff680000,0x00000000fff00000)
 ParOldGen       total 349696K, used 268144K [0x00000000e0000000, 0x00000000f5580000, 0x00000000f5580000)
  object space 349696K, 76% used [0x00000000e0000000,0x00000000f05dc088,0x00000000f5580000)
 Metaspace       used 115962K, capacity 121918K, committed 123904K, reserved 1157120K
  class space    used 14933K, capacity 16095K, committed 16640K, reserved 1048576K
}

