# JRE version: OpenJDK Runtime Environment (8.0_242-b01) (build 1.8.0_242-release-1644-b01)
# Java VM: OpenJDK 64-Bit Server VM (25.242-b01 mixed mode windows-amd64 compressed oops)
Heap:
 PSYoungGen      total 655872K, used 306141K [0x00000000d5580000, 0x0000000100000000, 0x0000000100000000)
  eden space 621056K, 44% used [0x00000000d5580000,0x00000000e62b7758,0x00000000fb400000)
  from space 34816K, 87% used [0x00000000fde00000,0x00000000ffbbfd80,0x0000000100000000)
  to   space 38912K, 0% used [0x00000000fb400000,0x00000000fb400000,0x00000000fda00000)
 ParOldGen       total 169984K, used 53142K [0x0000000080000000, 0x000000008a600000, 0x00000000d5580000)
  object space 169984K, 31% used [0x0000000080000000,0x00000000833e5940,0x000000008a600000)
 Metaspace       used 83148K, capacity 87664K, committed 87808K, reserved 1124352K
  class space    used 11096K, capacity 12006K, committed 12032K, reserved 1048576K
GC Heap History (10 events):
Event: 23.708 GC heap before
{Heap before GC invocations=15 (full 2):
 PSYoungGen      total 401408K, used 400928K [0x00000000d5580000, 0x00000000ef480000, 0x0000000100000000)
  eden space 390656K, 100% used [0x00000000d5580000,0x00000000ed300000,0x00000000ed300000)
  from space 10752K, 95% used [0x00000000eea00000,0x00000000ef408030,0x00000000ef480000)
  to   space 16384K, 0% used [0x00000000ed480000,0x00000000ed480000,0x00000000ee480000)
 ParOldGen       total 145408K, used 13585K [0x0000000080000000, 0x0000000088e00000, 0x00000000d5580000)
  object space 145408K, 9% used [0x0000000080000000,0x0000000080d44598,0x0000000088e00000)
 Metaspace       used 56626K, capacity 59096K, committed 59136K, reserved 1099776K
  class space    used 7396K, capacity 7916K, committed 7936K, reserved 1048576K
Event: 23.734 GC heap after
Heap after GC invocations=15 (full 2):
 PSYoungGen      total 408576K, used 16380K [0x00000000d5580000, 0x00000000f3c00000, 0x0000000100000000)
  eden space 392192K, 0% used [0x00000000d5580000,0x00000000d5580000,0x00000000ed480000)
  from space 16384K, 99% used [0x00000000ed480000,0x00000000ee47f330,0x00000000ee480000)
  to   space 22016K, 0% used [0x00000000f2680000,0x00000000f2680000,0x00000000f3c00000)
 ParOldGen       total 145408K, used 23387K [0x0000000080000000, 0x0000000088e00000, 0x00000000d5580000)
  object space 145408K, 16% used [0x0000000080000000,0x00000000816d6e50,0x0000000088e00000)
 Metaspace       used 56626K, capacity 59096K, committed 59136K, reserved 1099776K
  class space    used 7396K, capacity 7916K, committed 7936K, reserved 1048576K
}
Event: 23.741 GC heap before
{Heap before GC invocations=16 (full 2):
 PSYoungGen      total 408576K, used 23733K [0x00000000d5580000, 0x00000000f3c00000, 0x0000000100000000)
  eden space 392192K, 1% used [0x00000000d5580000,0x00000000d5cae140,0x00000000ed480000)
  from space 16384K, 99% used [0x00000000ed480000,0x00000000ee47f330,0x00000000ee480000)
  to   space 22016K, 0% used [0x00000000f2680000,0x00000000f2680000,0x00000000f3c00000)
 ParOldGen       total 145408K, used 23387K [0x0000000080000000, 0x0000000088e00000, 0x00000000d5580000)
  object space 145408K, 16% used [0x0000000080000000,0x00000000816d6e50,0x0000000088e00000)
 Metaspace       used 56645K, capacity 59096K, committed 59136K, reserved 1099776K
  class space    used 7401K, capacity 7916K, committed 7936K, reserved 1048576K
Event: 23.757 GC heap after
Heap after GC invocations=16 (full 2):
 PSYoungGen      total 475136K, used 16396K [0x00000000d5580000, 0x00000000fd300000, 0x0000000100000000)
  eden space 453120K, 0% used [0x00000000d5580000,0x00000000d5580000,0x00000000f1000000)
  from space 22016K, 74% used [0x00000000f2680000,0x00000000f3683320,0x00000000f3c00000)
  to   space 23040K, 0% used [0x00000000f1000000,0x00000000f1000000,0x00000000f2680000)
 ParOldGen       total 145408K, used 23395K [0x0000000080000000, 0x0000000088e00000, 0x00000000d5580000)
  object space 145408K, 16% used [0x0000000080000000,0x00000000816d8e50,0x0000000088e00000)
 Metaspace       used 56645K, capacity 59096K, committed 59136K, reserved 1099776K
  class space    used 7401K, capacity 7916K, committed 7936K, reserved 1048576K
}
Event: 23.757 GC heap before
{Heap before GC invocations=17 (full 3):
 PSYoungGen      total 475136K, used 16396K [0x00000000d5580000, 0x00000000fd300000, 0x0000000100000000)
  eden space 453120K, 0% used [0x00000000d5580000,0x00000000d5580000,0x00000000f1000000)
  from space 22016K, 74% used [0x00000000f2680000,0x00000000f3683320,0x00000000f3c00000)
  to   space 23040K, 0% used [0x00000000f1000000,0x00000000f1000000,0x00000000f2680000)
 ParOldGen       total 145408K, used 23395K [0x0000000080000000, 0x0000000088e00000, 0x00000000d5580000)
  object space 145408K, 16% used [0x0000000080000000,0x00000000816d8e50,0x0000000088e00000)
 Metaspace       used 56645K, capacity 59096K, committed 59136K, reserved 1099776K
  class space    used 7401K, capacity 7916K, committed 7936K, reserved 1048576K
Event: 23.950 GC heap after
Heap after GC invocations=17 (full 3):
 PSYoungGen      total 475136K, used 0K [0x00000000d5580000, 0x00000000fd300000, 0x0000000100000000)
  eden space 453120K, 0% used [0x00000000d5580000,0x00000000d5580000,0x00000000f1000000)
  from space 22016K, 0% used [0x00000000f2680000,0x00000000f2680000,0x00000000f3c00000)
  to   space 23040K, 0% used [0x00000000f1000000,0x00000000f1000000,0x00000000f2680000)
 ParOldGen       total 169984K, used 29886K [0x0000000080000000, 0x000000008a600000, 0x00000000d5580000)
  object space 169984K, 17% used [0x0000000080000000,0x0000000081d2fba8,0x000000008a600000)
 Metaspace       used 56511K, capacity 58806K, committed 59136K, reserved 1099776K
  class space    used 7364K, capacity 7844K, committed 7936K, reserved 1048576K
}
Event: 31.161 GC heap before
{Heap before GC invocations=18 (full 3):
 PSYoungGen      total 475136K, used 453120K [0x00000000d5580000, 0x00000000fd300000, 0x0000000100000000)
  eden space 453120K, 100% used [0x00000000d5580000,0x00000000f1000000,0x00000000f1000000)
  from space 22016K, 0% used [0x00000000f2680000,0x00000000f2680000,0x00000000f3c00000)
  to   space 23040K, 0% used [0x00000000f1000000,0x00000000f1000000,0x00000000f2680000)
 ParOldGen       total 169984K, used 29886K [0x0000000080000000, 0x000000008a600000, 0x00000000d5580000)
  object space 169984K, 17% used [0x0000000080000000,0x0000000081d2fba8,0x000000008a600000)
 Metaspace       used 81703K, capacity 86144K, committed 86400K, reserved 1124352K
  class space    used 11010K, capacity 11902K, committed 11904K, reserved 1048576K
Event: 31.190 GC heap after
Heap after GC invocations=18 (full 3):
 PSYoungGen      total 476160K, used 23037K [0x00000000d5580000, 0x0000000100000000, 0x0000000100000000)
  eden space 453120K, 0% used [0x00000000d5580000,0x00000000d5580000,0x00000000f1000000)
  from space 23040K, 99% used [0x00000000f1000000,0x00000000f267f518,0x00000000f2680000)
  to   space 34816K, 0% used [0x00000000fde00000,0x00000000fde00000,0x0000000100000000)
 ParOldGen       total 169984K, used 53134K [0x0000000080000000, 0x000000008a600000, 0x00000000d5580000)
  object space 169984K, 31% used [0x0000000080000000,0x00000000833e3940,0x000000008a600000)
 Metaspace       used 81703K, capacity 86144K, committed 86400K, reserved 1124352K
  class space    used 11010K, capacity 11902K, committed 11904K, reserved 1048576K
}
Event: 32.252 GC heap before
{Heap before GC invocations=19 (full 3):
 PSYoungGen      total 476160K, used 476157K [0x00000000d5580000, 0x0000000100000000, 0x0000000100000000)
  eden space 453120K, 100% used [0x00000000d5580000,0x00000000f1000000,0x00000000f1000000)
  from space 23040K, 99% used [0x00000000f1000000,0x00000000f267f518,0x00000000f2680000)
  to   space 34816K, 0% used [0x00000000fde00000,0x00000000fde00000,0x0000000100000000)
 ParOldGen       total 169984K, used 53134K [0x0000000080000000, 0x000000008a600000, 0x00000000d5580000)
  object space 169984K, 31% used [0x0000000080000000,0x00000000833e3940,0x000000008a600000)
 Metaspace       used 82975K, capacity 87544K, committed 87808K, reserved 1124352K
  class space    used 11091K, capacity 11972K, committed 12032K, reserved 1048576K
Event: 32.284 GC heap after
Heap after GC invocations=19 (full 3):
 PSYoungGen      total 655872K, used 30463K [0x00000000d5580000, 0x0000000100000000, 0x0000000100000000)
  eden space 621056K, 0% used [0x00000000d5580000,0x00000000d5580000,0x00000000fb400000)
  from space 34816K, 87% used [0x00000000fde00000,0x00000000ffbbfd80,0x0000000100000000)
  to   space 38912K, 0% used [0x00000000fb400000,0x00000000fb400000,0x00000000fda00000)
 ParOldGen       total 169984K, used 53142K [0x0000000080000000, 0x000000008a600000, 0x00000000d5580000)
  object space 169984K, 31% used [0x0000000080000000,0x00000000833e5940,0x000000008a600000)
 Metaspace       used 82975K, capacity 87544K, committed 87808K, reserved 1124352K
  class space    used 11091K, capacity 11972K, committed 12032K, reserved 1048576K
}

